<?xml version="1.0" encoding="UTF-8"?>
<!-- Generated by org.testng.reporters.JUnitReportReporter -->
<testsuite hostname="DESKTOP-LDE18F9" failures="0" tests="4" name="tests.EndToEndTest" time="9.113" errors="0" timestamp="2022-01-30T23:21:11 MSK" skipped="0">
  <testcase classname="tests.EndToEndTest" name="addNoteInBlog" time="1.983"/>
  <system-out/>
  <testcase classname="tests.EndToEndTest" name="blogTitle" time="3.077"/>
  <system-out/>
  <testcase classname="tests.EndToEndTest" name="dashboardTitle" time="2.943"/>
  <system-out/>
  <testcase classname="tests.EndToEndTest" name="entryFormH1" time="1.110"/>
  <system-out/>
</testsuite> <!-- tests.EndToEndTest -->
