<?xml version="1.0" encoding="UTF-8"?>
<!-- Generated by org.testng.reporters.JUnitReportReporter -->
<testsuite hostname="DESKTOP-JCMCTMH" failures="0" tests="3" name="tests.BaseTest" time="17.718" errors="0" timestamp="2022-01-31T20:13:38 MSK" skipped="0">
  <testcase classname="tests.BaseTest" name="divideOnZero" time="4.474"/>
  <system-out/>
  <testcase classname="tests.BaseTest" name="intExpression" time="7.823"/>
  <system-out/>
  <testcase classname="tests.BaseTest" name="sinVoidError" time="5.421"/>
  <system-out/>
</testsuite> <!-- tests.BaseTest -->
